#-----------------------------------------------------------
# Vivado v2020.2 (64-bit)
# SW Build 3064766 on Wed Nov 18 09:12:45 MST 2020
# IP Build 3064653 on Wed Nov 18 14:17:31 MST 2020
# Start of session at: Wed Dec 18 13:55:48 2024
# Process ID: 14664
# Current directory: C:/Users/eliot/Documents/University Documents/BA5/Best_DSD_Team/lab07_pong/lab07_pong
# Command line: vivado.exe -gui_launcher_event rodinguilauncherevent10372 C:\Users\eliot\Documents\University Documents\BA5\Best_DSD_Team\lab07_pong\lab07_pong\lab07_pong.xpr
# Log file: C:/Users/eliot/Documents/University Documents/BA5/Best_DSD_Team/lab07_pong/lab07_pong/vivado.log
# Journal file: C:/Users/eliot/Documents/University Documents/BA5/Best_DSD_Team/lab07_pong/lab07_pong\vivado.jou
#-----------------------------------------------------------
start_gui
open_project {C:/Users/eliot/Documents/University Documents/BA5/Best_DSD_Team/lab07_pong/lab07_pong/lab07_pong.xpr}
INFO: [ProjectBase 1-489] The host OS only allows 260 characters in a normal path. The project is stored in a path with more than 80 characters. If you experience issues with IP, Block Designs, or files not being found, please consider moving the project to a location with a shorter path. Alternately consider using the OS subst command to map part of the path to a drive letter.
Current project path is 'C:/Users/eliot/Documents/University Documents/BA5/Best_DSD_Team/lab07_pong/lab07_pong'
Scanning sources...
Finished scanning sources
INFO: [IP_Flow 19-234] Refreshing IP repositories
INFO: [IP_Flow 19-1704] No user IP repositories specified
INFO: [IP_Flow 19-2313] Loaded Vivado IP repository 'C:/Xilinx/Vivado/2020.2/data/ip'.
open_project: Time (s): cpu = 00:00:04 ; elapsed = 00:00:06 . Memory (MB): peak = 999.848 ; gain = 0.000
update_compile_order -fileset sources_1
reset_run synth_1
launch_runs impl_1 -to_step write_bitstream -jobs 16
[Wed Dec 18 14:02:04 2024] Launched synth_1...
Run output will be captured here: C:/Users/eliot/Documents/University Documents/BA5/Best_DSD_Team/lab07_pong/lab07_pong/lab07_pong.runs/synth_1/runme.log
[Wed Dec 18 14:02:04 2024] Launched impl_1...
Run output will be captured here: C:/Users/eliot/Documents/University Documents/BA5/Best_DSD_Team/lab07_pong/lab07_pong/lab07_pong.runs/impl_1/runme.log
WARNING: [IP_Flow 19-4067] Ignoring invalid widget type specified checkbox.Providing a default widget
WARNING: [IP_Flow 19-4067] Ignoring invalid widget type specified checkbox.Providing a default widget
INFO: [IP_Flow 19-3484] Absolute path of file 'c:/Users/eliot/Documents/University Documents/BA5/Best_DSD_Team/lab07_pong/src/epfl.coe' provided. It will be converted relative to IP Instance files '../../../../../src/epfl.coe'
set_property -dict [list CONFIG.Register_PortB_Output_of_Memory_Primitives {false} CONFIG.Coe_File {C:/Users/eliot/Documents/University Documents/BA5/Best_DSD_Team/lab07_pong/src/epfl.coe}] [get_ips blk_mem_gen_0]
INFO: [IP_Flow 19-3484] Absolute path of file 'c:/Users/eliot/Documents/University Documents/BA5/Best_DSD_Team/lab07_pong/src/epfl.coe' provided. It will be converted relative to IP Instance files '../../../../../src/epfl.coe'
generate_target all [get_files  {{C:/Users/eliot/Documents/University Documents/BA5/Best_DSD_Team/lab07_pong/lab07_pong/lab07_pong.srcs/sources_1/ip/blk_mem_gen_0/blk_mem_gen_0.xci}}]
INFO: [IP_Flow 19-1686] Generating 'Instantiation Template' target for IP 'blk_mem_gen_0'...
INFO: [IP_Flow 19-1686] Generating 'Synthesis' target for IP 'blk_mem_gen_0'...
INFO: [IP_Flow 19-1686] Generating 'Simulation' target for IP 'blk_mem_gen_0'...
INFO: [IP_Flow 19-1686] Generating 'Miscellaneous' target for IP 'blk_mem_gen_0'...
INFO: [IP_Flow 19-1686] Generating 'Change Log' target for IP 'blk_mem_gen_0'...
catch { config_ip_cache -export [get_ips -all blk_mem_gen_0] }
export_ip_user_files -of_objects [get_files {{C:/Users/eliot/Documents/University Documents/BA5/Best_DSD_Team/lab07_pong/lab07_pong/lab07_pong.srcs/sources_1/ip/blk_mem_gen_0/blk_mem_gen_0.xci}}] -no_script -sync -force -quiet
reset_run blk_mem_gen_0_synth_1
launch_runs blk_mem_gen_0_synth_1 -jobs 16
[Wed Dec 18 14:07:55 2024] Launched blk_mem_gen_0_synth_1...
Run output will be captured here: C:/Users/eliot/Documents/University Documents/BA5/Best_DSD_Team/lab07_pong/lab07_pong/lab07_pong.runs/blk_mem_gen_0_synth_1/runme.log
export_simulation -of_objects [get_files {{C:/Users/eliot/Documents/University Documents/BA5/Best_DSD_Team/lab07_pong/lab07_pong/lab07_pong.srcs/sources_1/ip/blk_mem_gen_0/blk_mem_gen_0.xci}}] -directory {C:/Users/eliot/Documents/University Documents/BA5/Best_DSD_Team/lab07_pong/lab07_pong/lab07_pong.ip_user_files/sim_scripts} -ip_user_files_dir {C:/Users/eliot/Documents/University Documents/BA5/Best_DSD_Team/lab07_pong/lab07_pong/lab07_pong.ip_user_files} -ipstatic_source_dir {C:/Users/eliot/Documents/University Documents/BA5/Best_DSD_Team/lab07_pong/lab07_pong/lab07_pong.ip_user_files/ipstatic} -lib_map_path [list {modelsim=C:/Users/eliot/Documents/University Documents/BA5/Best_DSD_Team/lab07_pong/lab07_pong/lab07_pong.cache/compile_simlib/modelsim} {questa=C:/Users/eliot/Documents/University Documents/BA5/Best_DSD_Team/lab07_pong/lab07_pong/lab07_pong.cache/compile_simlib/questa} {riviera=C:/Users/eliot/Documents/University Documents/BA5/Best_DSD_Team/lab07_pong/lab07_pong/lab07_pong.cache/compile_simlib/riviera} {activehdl=C:/Users/eliot/Documents/University Documents/BA5/Best_DSD_Team/lab07_pong/lab07_pong/lab07_pong.cache/compile_simlib/activehdl}] -use_ip_compiled_libs -force -quiet
reset_run synth_1
launch_runs impl_1 -to_step write_bitstream -jobs 16
[Wed Dec 18 14:10:01 2024] Launched synth_1...
Run output will be captured here: C:/Users/eliot/Documents/University Documents/BA5/Best_DSD_Team/lab07_pong/lab07_pong/lab07_pong.runs/synth_1/runme.log
[Wed Dec 18 14:10:01 2024] Launched impl_1...
Run output will be captured here: C:/Users/eliot/Documents/University Documents/BA5/Best_DSD_Team/lab07_pong/lab07_pong/lab07_pong.runs/impl_1/runme.log
reset_target all [get_files  {{C:/Users/eliot/Documents/University Documents/BA5/Best_DSD_Team/lab07_pong/lab07_pong/lab07_pong.srcs/sources_1/ip/blk_mem_gen_0/blk_mem_gen_0.xci}}]
export_ip_user_files -of_objects  [get_files  {{C:/Users/eliot/Documents/University Documents/BA5/Best_DSD_Team/lab07_pong/lab07_pong/lab07_pong.srcs/sources_1/ip/blk_mem_gen_0/blk_mem_gen_0.xci}}] -sync -no_script -force -quiet
delete_ip_run [get_files -of_objects [get_fileset blk_mem_gen_0] {{C:/Users/eliot/Documents/University Documents/BA5/Best_DSD_Team/lab07_pong/lab07_pong/lab07_pong.srcs/sources_1/ip/blk_mem_gen_0/blk_mem_gen_0.xci}}]
WARNING: [Vivado 12-1017] Problems encountered:
1. Failed to delete one or more files in run directory C:/Users/eliot/Documents/University Documents/BA5/Best_DSD_Team/lab07_pong/lab07_pong/lab07_pong.runs/blk_mem_gen_0_synth_1

INFO: [Project 1-386] Moving file 'C:/Users/eliot/Documents/University Documents/BA5/Best_DSD_Team/lab07_pong/lab07_pong/lab07_pong.srcs/sources_1/ip/blk_mem_gen_0/blk_mem_gen_0.xci' from fileset 'blk_mem_gen_0' to fileset 'sources_1'.
set_property generate_synth_checkpoint false [get_files  {{C:/Users/eliot/Documents/University Documents/BA5/Best_DSD_Team/lab07_pong/lab07_pong/lab07_pong.srcs/sources_1/ip/blk_mem_gen_0/blk_mem_gen_0.xci}}]
generate_target all [get_files  {{C:/Users/eliot/Documents/University Documents/BA5/Best_DSD_Team/lab07_pong/lab07_pong/lab07_pong.srcs/sources_1/ip/blk_mem_gen_0/blk_mem_gen_0.xci}}]
INFO: [IP_Flow 19-1686] Generating 'Instantiation Template' target for IP 'blk_mem_gen_0'...
INFO: [IP_Flow 19-1686] Generating 'Synthesis' target for IP 'blk_mem_gen_0'...
INFO: [IP_Flow 19-1686] Generating 'Simulation' target for IP 'blk_mem_gen_0'...
INFO: [IP_Flow 19-1686] Generating 'Miscellaneous' target for IP 'blk_mem_gen_0'...
INFO: [IP_Flow 19-1686] Generating 'Change Log' target for IP 'blk_mem_gen_0'...
export_ip_user_files -of_objects [get_files {{C:/Users/eliot/Documents/University Documents/BA5/Best_DSD_Team/lab07_pong/lab07_pong/lab07_pong.srcs/sources_1/ip/blk_mem_gen_0/blk_mem_gen_0.xci}}] -no_script -sync -force -quiet
export_simulation -of_objects [get_files {{C:/Users/eliot/Documents/University Documents/BA5/Best_DSD_Team/lab07_pong/lab07_pong/lab07_pong.srcs/sources_1/ip/blk_mem_gen_0/blk_mem_gen_0.xci}}] -directory {C:/Users/eliot/Documents/University Documents/BA5/Best_DSD_Team/lab07_pong/lab07_pong/lab07_pong.ip_user_files/sim_scripts} -ip_user_files_dir {C:/Users/eliot/Documents/University Documents/BA5/Best_DSD_Team/lab07_pong/lab07_pong/lab07_pong.ip_user_files} -ipstatic_source_dir {C:/Users/eliot/Documents/University Documents/BA5/Best_DSD_Team/lab07_pong/lab07_pong/lab07_pong.ip_user_files/ipstatic} -lib_map_path [list {modelsim=C:/Users/eliot/Documents/University Documents/BA5/Best_DSD_Team/lab07_pong/lab07_pong/lab07_pong.cache/compile_simlib/modelsim} {questa=C:/Users/eliot/Documents/University Documents/BA5/Best_DSD_Team/lab07_pong/lab07_pong/lab07_pong.cache/compile_simlib/questa} {riviera=C:/Users/eliot/Documents/University Documents/BA5/Best_DSD_Team/lab07_pong/lab07_pong/lab07_pong.cache/compile_simlib/riviera} {activehdl=C:/Users/eliot/Documents/University Documents/BA5/Best_DSD_Team/lab07_pong/lab07_pong/lab07_pong.cache/compile_simlib/activehdl}] -use_ip_compiled_libs -force -quiet
update_compile_order -fileset sources_1
reset_target all [get_files  {{C:/Users/eliot/Documents/University Documents/BA5/Best_DSD_Team/lab07_pong/lab07_pong/lab07_pong.srcs/sources_1/ip/clk_wiz_0/clk_wiz_0.xci}}]
export_ip_user_files -of_objects  [get_files  {{C:/Users/eliot/Documents/University Documents/BA5/Best_DSD_Team/lab07_pong/lab07_pong/lab07_pong.srcs/sources_1/ip/clk_wiz_0/clk_wiz_0.xci}}] -sync -no_script -force -quiet
delete_ip_run [get_files -of_objects [get_fileset clk_wiz_0] {{C:/Users/eliot/Documents/University Documents/BA5/Best_DSD_Team/lab07_pong/lab07_pong/lab07_pong.srcs/sources_1/ip/clk_wiz_0/clk_wiz_0.xci}}]
WARNING: [Vivado 12-1017] Problems encountered:
1. Failed to delete one or more files in run directory C:/Users/eliot/Documents/University Documents/BA5/Best_DSD_Team/lab07_pong/lab07_pong/lab07_pong.runs/clk_wiz_0_synth_1

INFO: [Project 1-386] Moving file 'C:/Users/eliot/Documents/University Documents/BA5/Best_DSD_Team/lab07_pong/lab07_pong/lab07_pong.srcs/sources_1/ip/clk_wiz_0/clk_wiz_0.xci' from fileset 'clk_wiz_0' to fileset 'sources_1'.
update_compile_order -fileset sources_1
set_property generate_synth_checkpoint false [get_files  {{C:/Users/eliot/Documents/University Documents/BA5/Best_DSD_Team/lab07_pong/lab07_pong/lab07_pong.srcs/sources_1/ip/clk_wiz_0/clk_wiz_0.xci}}]
generate_target all [get_files  {{C:/Users/eliot/Documents/University Documents/BA5/Best_DSD_Team/lab07_pong/lab07_pong/lab07_pong.srcs/sources_1/ip/clk_wiz_0/clk_wiz_0.xci}}]
INFO: [IP_Flow 19-1686] Generating 'Instantiation Template' target for IP 'clk_wiz_0'...
INFO: [IP_Flow 19-1686] Generating 'Synthesis' target for IP 'clk_wiz_0'...
INFO: [IP_Flow 19-1686] Generating 'Simulation' target for IP 'clk_wiz_0'...
INFO: [IP_Flow 19-1686] Generating 'Implementation' target for IP 'clk_wiz_0'...
INFO: [IP_Flow 19-1686] Generating 'Change Log' target for IP 'clk_wiz_0'...
export_ip_user_files -of_objects [get_files {{C:/Users/eliot/Documents/University Documents/BA5/Best_DSD_Team/lab07_pong/lab07_pong/lab07_pong.srcs/sources_1/ip/clk_wiz_0/clk_wiz_0.xci}}] -no_script -sync -force -quiet
export_simulation -of_objects [get_files {{C:/Users/eliot/Documents/University Documents/BA5/Best_DSD_Team/lab07_pong/lab07_pong/lab07_pong.srcs/sources_1/ip/clk_wiz_0/clk_wiz_0.xci}}] -directory {C:/Users/eliot/Documents/University Documents/BA5/Best_DSD_Team/lab07_pong/lab07_pong/lab07_pong.ip_user_files/sim_scripts} -ip_user_files_dir {C:/Users/eliot/Documents/University Documents/BA5/Best_DSD_Team/lab07_pong/lab07_pong/lab07_pong.ip_user_files} -ipstatic_source_dir {C:/Users/eliot/Documents/University Documents/BA5/Best_DSD_Team/lab07_pong/lab07_pong/lab07_pong.ip_user_files/ipstatic} -lib_map_path [list {modelsim=C:/Users/eliot/Documents/University Documents/BA5/Best_DSD_Team/lab07_pong/lab07_pong/lab07_pong.cache/compile_simlib/modelsim} {questa=C:/Users/eliot/Documents/University Documents/BA5/Best_DSD_Team/lab07_pong/lab07_pong/lab07_pong.cache/compile_simlib/questa} {riviera=C:/Users/eliot/Documents/University Documents/BA5/Best_DSD_Team/lab07_pong/lab07_pong/lab07_pong.cache/compile_simlib/riviera} {activehdl=C:/Users/eliot/Documents/University Documents/BA5/Best_DSD_Team/lab07_pong/lab07_pong/lab07_pong.cache/compile_simlib/activehdl}] -use_ip_compiled_libs -force -quiet
reset_run synth_1
launch_runs synth_1 -jobs 16
[Wed Dec 18 14:27:40 2024] Launched synth_1...
Run output will be captured here: C:/Users/eliot/Documents/University Documents/BA5/Best_DSD_Team/lab07_pong/lab07_pong/lab07_pong.runs/synth_1/runme.log
launch_runs impl_1 -jobs 16
[Wed Dec 18 14:30:31 2024] Launched impl_1...
Run output will be captured here: C:/Users/eliot/Documents/University Documents/BA5/Best_DSD_Team/lab07_pong/lab07_pong/lab07_pong.runs/impl_1/runme.log
open_run impl_1
INFO: [Device 21-403] Loading part xc7z020clg400-1
Netlist sorting complete. Time (s): cpu = 00:00:00 ; elapsed = 00:00:00.017 . Memory (MB): peak = 1264.945 ; gain = 0.000
INFO: [Netlist 29-17] Analyzing 164 Unisim elements for replacement
INFO: [Netlist 29-28] Unisim Transformation completed in 0 CPU seconds
INFO: [Project 1-479] Netlist was created with Vivado 2020.2
INFO: [Project 1-570] Preparing netlist for logic optimization
INFO: [Timing 38-478] Restoring timing data from binary archive.
INFO: [Timing 38-479] Binary timing data restore complete.
INFO: [Project 1-856] Restoring constraints from binary archive.
INFO: [Project 1-853] Binary constraint restore complete.
Reading XDEF placement.
Reading placer database...
Reading XDEF routing.
Read XDEF File: Time (s): cpu = 00:00:00 ; elapsed = 00:00:00.307 . Memory (MB): peak = 1944.805 ; gain = 0.000
Restored from archive | CPU: 0.000000 secs | Memory: 0.000000 MB |
Finished XDEF File Restore: Time (s): cpu = 00:00:00 ; elapsed = 00:00:00.308 . Memory (MB): peak = 1944.805 ; gain = 0.000
Netlist sorting complete. Time (s): cpu = 00:00:00 ; elapsed = 00:00:00.001 . Memory (MB): peak = 1944.805 ; gain = 0.000
INFO: [Project 1-111] Unisim Transformation Summary:
No Unisim elements were transformed.

open_run: Time (s): cpu = 00:00:21 ; elapsed = 00:00:26 . Memory (MB): peak = 2103.363 ; gain = 1103.516
show_objects -name left [get_cells -hierarchical -filter { PRIMITIVE_TYPE =~ BMEM.*.* } ]
launch_runs impl_1 -to_step write_bitstream -jobs 16
[Wed Dec 18 14:35:31 2024] Launched impl_1...
Run output will be captured here: C:/Users/eliot/Documents/University Documents/BA5/Best_DSD_Team/lab07_pong/lab07_pong/lab07_pong.runs/impl_1/runme.log
set_property IS_ROUTE_FIXED 1 [get_nets LeftxSI_IBUF]
set_property IS_ROUTE_FIXED 0 [get_nets LeftxSI_IBUF]
exit
INFO: [Common 17-206] Exiting Vivado at Wed Dec 18 14:37:36 2024...
