
*** Running vivado
    with args -log mandelbrot_top.vds -m64 -product Vivado -mode batch -messageDb vivado.pb -notrace -source mandelbrot_top.tcl



****** Vivado v2020.2 (64-bit)
  **** SW Build 3064766 on Wed Nov 18 09:12:45 MST 2020
  **** IP Build 3064653 on Wed Nov 18 14:17:31 MST 2020
    ** Copyright 1986-2020 Xilinx, Inc. All Rights Reserved.

source mandelbrot_top.tcl -notrace
Command: synth_design -top mandelbrot_top -part xc7z020clg400-1
Starting synth_design
Attempting to get a license for feature 'Synthesis' and/or device 'xc7z020'
INFO: [Common 17-349] Got license for feature 'Synthesis' and/or device 'xc7z020'
INFO: [Device 21-403] Loading part xc7z020clg400-1
INFO: [Synth 8-7079] Multithreading enabled for synth_design using a maximum of 2 processes.
INFO: [Synth 8-7078] Launching helper process for spawning children vivado processes
INFO: [Synth 8-7075] Helper process launched with PID 9324
---------------------------------------------------------------------------------
Starting RTL Elaboration : Time (s): cpu = 00:00:03 ; elapsed = 00:00:05 . Memory (MB): peak = 999.289 ; gain = 0.000
---------------------------------------------------------------------------------
INFO: [Synth 8-638] synthesizing module 'mandelbrot_top' [C:/Users/eliot/Documents/University Documents/BA5/Best_DSD_Team/lab08_mandlebrot/src/mandelbrot_top.vhdl:50]
INFO: [Synth 8-3491] module 'clk_wiz_0' declared at 'C:/Users/eliot/Documents/University Documents/BA5/Best_DSD_Team/lab08_mandlebrot/lab08_mandlebrot/lab08_mandlebrot.runs/synth_1/.Xil/Vivado-24084-Eliot_Abramo/realtime/clk_wiz_0_stub.vhdl:5' bound to instance 'i_clk_wiz_0' of component 'clk_wiz_0' [C:/Users/eliot/Documents/University Documents/BA5/Best_DSD_Team/lab08_mandlebrot/src/mandelbrot_top.vhdl:218]
INFO: [Synth 8-638] synthesizing module 'clk_wiz_0' [C:/Users/eliot/Documents/University Documents/BA5/Best_DSD_Team/lab08_mandlebrot/lab08_mandlebrot/lab08_mandlebrot.runs/synth_1/.Xil/Vivado-24084-Eliot_Abramo/realtime/clk_wiz_0_stub.vhdl:15]
INFO: [Synth 8-3491] module 'blk_mem_gen_0' declared at 'C:/Users/eliot/Documents/University Documents/BA5/Best_DSD_Team/lab08_mandlebrot/lab08_mandlebrot/lab08_mandlebrot.runs/synth_1/.Xil/Vivado-24084-Eliot_Abramo/realtime/blk_mem_gen_0_stub.vhdl:5' bound to instance 'i_blk_mem_gen_0' of component 'blk_mem_gen_0' [C:/Users/eliot/Documents/University Documents/BA5/Best_DSD_Team/lab08_mandlebrot/src/mandelbrot_top.vhdl:227]
INFO: [Synth 8-638] synthesizing module 'blk_mem_gen_0' [C:/Users/eliot/Documents/University Documents/BA5/Best_DSD_Team/lab08_mandlebrot/lab08_mandlebrot/lab08_mandlebrot.runs/synth_1/.Xil/Vivado-24084-Eliot_Abramo/realtime/blk_mem_gen_0_stub.vhdl:20]
INFO: [Synth 8-3491] module 'vga_controller' declared at 'C:/Users/eliot/Documents/University Documents/BA5/Best_DSD_Team/lab08_mandlebrot/src/vga_controller.vhdl:24' bound to instance 'i_vga_controller' of component 'vga_controller' [C:/Users/eliot/Documents/University Documents/BA5/Best_DSD_Team/lab08_mandlebrot/src/mandelbrot_top.vhdl:242]
INFO: [Synth 8-638] synthesizing module 'vga_controller' [C:/Users/eliot/Documents/University Documents/BA5/Best_DSD_Team/lab08_mandlebrot/src/vga_controller.vhdl:54]
INFO: [Synth 8-256] done synthesizing module 'vga_controller' (1#1) [C:/Users/eliot/Documents/University Documents/BA5/Best_DSD_Team/lab08_mandlebrot/src/vga_controller.vhdl:54]
INFO: [Synth 8-3491] module 'pong_fsm' declared at 'C:/Users/eliot/Documents/University Documents/BA5/Best_DSD_Team/lab08_mandlebrot/src/pong_fsm.vhdl:27' bound to instance 'i_pong_fsm' of component 'pong_fsm' [C:/Users/eliot/Documents/University Documents/BA5/Best_DSD_Team/lab08_mandlebrot/src/mandelbrot_top.vhdl:265]
INFO: [Synth 8-638] synthesizing module 'pong_fsm' [C:/Users/eliot/Documents/University Documents/BA5/Best_DSD_Team/lab08_mandlebrot/src/pong_fsm.vhdl:59]
WARNING: [Synth 8-614] signal 'PlateXxDP' is read in the process but is not in the sensitivity list [C:/Users/eliot/Documents/University Documents/BA5/Best_DSD_Team/lab08_mandlebrot/src/pong_fsm.vhdl:179]
INFO: [Synth 8-226] default block is never used [C:/Users/eliot/Documents/University Documents/BA5/Best_DSD_Team/lab08_mandlebrot/src/pong_fsm.vhdl:239]
INFO: [Synth 8-256] done synthesizing module 'pong_fsm' (2#1) [C:/Users/eliot/Documents/University Documents/BA5/Best_DSD_Team/lab08_mandlebrot/src/pong_fsm.vhdl:59]
INFO: [Synth 8-3491] module 'mandelbrot' declared at 'C:/Users/eliot/Documents/University Documents/BA5/Best_DSD_Team/lab08_mandlebrot/src/mandelbrot.vhdl:24' bound to instance 'i_mandelbrot' of component 'mandelbrot' [C:/Users/eliot/Documents/University Documents/BA5/Best_DSD_Team/lab08_mandlebrot/src/mandelbrot_top.vhdl:284]
INFO: [Synth 8-638] synthesizing module 'mandelbrot' [C:/Users/eliot/Documents/University Documents/BA5/Best_DSD_Team/lab08_mandlebrot/src/mandelbrot.vhdl:39]
INFO: [Synth 8-256] done synthesizing module 'mandelbrot' (3#1) [C:/Users/eliot/Documents/University Documents/BA5/Best_DSD_Team/lab08_mandlebrot/src/mandelbrot.vhdl:39]
INFO: [Synth 8-3491] module 'sprite_manager' declared at 'C:/Users/eliot/Documents/University Documents/BA5/Best_DSD_Team/lab08_mandlebrot/src/sprite_manager.vhdl:25' bound to instance 'i_sprite_manager' of component 'sprite_manager' [C:/Users/eliot/Documents/University Documents/BA5/Best_DSD_Team/lab08_mandlebrot/src/mandelbrot_top.vhdl:296]
INFO: [Synth 8-638] synthesizing module 'sprite_manager' [C:/Users/eliot/Documents/University Documents/BA5/Best_DSD_Team/lab08_mandlebrot/src/sprite_manager.vhdl:52]
INFO: [Synth 8-256] done synthesizing module 'sprite_manager' (4#1) [C:/Users/eliot/Documents/University Documents/BA5/Best_DSD_Team/lab08_mandlebrot/src/sprite_manager.vhdl:52]
INFO: [Synth 8-256] done synthesizing module 'mandelbrot_top' (5#1) [C:/Users/eliot/Documents/University Documents/BA5/Best_DSD_Team/lab08_mandlebrot/src/mandelbrot_top.vhdl:50]
---------------------------------------------------------------------------------
Finished RTL Elaboration : Time (s): cpu = 00:00:03 ; elapsed = 00:00:06 . Memory (MB): peak = 999.289 ; gain = 0.000
---------------------------------------------------------------------------------
---------------------------------------------------------------------------------
Start Handling Custom Attributes
---------------------------------------------------------------------------------
---------------------------------------------------------------------------------
Finished Handling Custom Attributes : Time (s): cpu = 00:00:04 ; elapsed = 00:00:07 . Memory (MB): peak = 999.289 ; gain = 0.000
---------------------------------------------------------------------------------
---------------------------------------------------------------------------------
Finished RTL Optimization Phase 1 : Time (s): cpu = 00:00:04 ; elapsed = 00:00:07 . Memory (MB): peak = 999.289 ; gain = 0.000
---------------------------------------------------------------------------------
Netlist sorting complete. Time (s): cpu = 00:00:00 ; elapsed = 00:00:00.016 . Memory (MB): peak = 999.289 ; gain = 0.000
INFO: [Project 1-570] Preparing netlist for logic optimization

Processing XDC Constraints
Initializing timing engine
Parsing XDC File [c:/Users/eliot/Documents/University Documents/BA5/Best_DSD_Team/lab08_mandlebrot/lab08_mandlebrot/lab08_mandlebrot.gen/sources_1/ip/blk_mem_gen_0/blk_mem_gen_0/blk_mem_gen_0_in_context.xdc] for cell 'i_blk_mem_gen_0'
Finished Parsing XDC File [c:/Users/eliot/Documents/University Documents/BA5/Best_DSD_Team/lab08_mandlebrot/lab08_mandlebrot/lab08_mandlebrot.gen/sources_1/ip/blk_mem_gen_0/blk_mem_gen_0/blk_mem_gen_0_in_context.xdc] for cell 'i_blk_mem_gen_0'
Parsing XDC File [c:/Users/eliot/Documents/University Documents/BA5/Best_DSD_Team/lab08_mandlebrot/lab08_mandlebrot/lab08_mandlebrot.gen/sources_1/ip/clk_wiz_0/clk_wiz_0/clk_wiz_0_in_context.xdc] for cell 'i_clk_wiz_0'
Finished Parsing XDC File [c:/Users/eliot/Documents/University Documents/BA5/Best_DSD_Team/lab08_mandlebrot/lab08_mandlebrot/lab08_mandlebrot.gen/sources_1/ip/clk_wiz_0/clk_wiz_0/clk_wiz_0_in_context.xdc] for cell 'i_clk_wiz_0'
Parsing XDC File [C:/Users/eliot/Documents/University Documents/BA5/Best_DSD_Team/lab08_mandlebrot/constr/PYNQ-Z2_v1.0.xdc]
Finished Parsing XDC File [C:/Users/eliot/Documents/University Documents/BA5/Best_DSD_Team/lab08_mandlebrot/constr/PYNQ-Z2_v1.0.xdc]
INFO: [Project 1-236] Implementation specific constraints were found while reading constraint file [C:/Users/eliot/Documents/University Documents/BA5/Best_DSD_Team/lab08_mandlebrot/constr/PYNQ-Z2_v1.0.xdc]. These constraints will be ignored for synthesis but will be used in implementation. Impacted constraints are listed in the file [.Xil/mandelbrot_top_propImpl.xdc].
Resolution: To avoid this warning, move constraints listed in [.Xil/mandelbrot_top_propImpl.xdc] to another XDC file and exclude this new file from synthesis with the used_in_synthesis property (File Properties dialog in GUI) and re-run elaboration/synthesis.
Completed Processing XDC Constraints

Netlist sorting complete. Time (s): cpu = 00:00:00 ; elapsed = 00:00:00.001 . Memory (MB): peak = 1028.441 ; gain = 0.000
INFO: [Project 1-111] Unisim Transformation Summary:
No Unisim elements were transformed.

Constraint Validation Runtime : Time (s): cpu = 00:00:00 ; elapsed = 00:00:00.010 . Memory (MB): peak = 1028.441 ; gain = 0.000
WARNING: [Timing 38-316] Clock period '20.000' specified during out-of-context synthesis of instance 'i_blk_mem_gen_0' at clock pin 'clka' is different from the actual clock period '13.333', this can lead to different synthesis results.
---------------------------------------------------------------------------------
Finished Constraint Validation : Time (s): cpu = 00:00:08 ; elapsed = 00:00:15 . Memory (MB): peak = 1031.414 ; gain = 32.125
---------------------------------------------------------------------------------
---------------------------------------------------------------------------------
Start Loading Part and Timing Information
---------------------------------------------------------------------------------
Loading part: xc7z020clg400-1
---------------------------------------------------------------------------------
Finished Loading Part and Timing Information : Time (s): cpu = 00:00:08 ; elapsed = 00:00:15 . Memory (MB): peak = 1031.414 ; gain = 32.125
---------------------------------------------------------------------------------
---------------------------------------------------------------------------------
Start Applying 'set_property' XDC Constraints
---------------------------------------------------------------------------------
Applied set_property IO_BUFFER_TYPE = NONE for CLK125xCI. (constraint file  {c:/Users/eliot/Documents/University Documents/BA5/Best_DSD_Team/lab08_mandlebrot/lab08_mandlebrot/lab08_mandlebrot.gen/sources_1/ip/clk_wiz_0/clk_wiz_0/clk_wiz_0_in_context.xdc}, line 3).
Applied set_property CLOCK_BUFFER_TYPE = NONE for CLK125xCI. (constraint file  {c:/Users/eliot/Documents/University Documents/BA5/Best_DSD_Team/lab08_mandlebrot/lab08_mandlebrot/lab08_mandlebrot.gen/sources_1/ip/clk_wiz_0/clk_wiz_0/clk_wiz_0_in_context.xdc}, line 4).
Applied set_property KEEP_HIERARCHY = SOFT for i_blk_mem_gen_0. (constraint file  auto generated constraint).
Applied set_property KEEP_HIERARCHY = SOFT for i_clk_wiz_0. (constraint file  auto generated constraint).
---------------------------------------------------------------------------------
Finished applying 'set_property' XDC Constraints : Time (s): cpu = 00:00:08 ; elapsed = 00:00:15 . Memory (MB): peak = 1031.414 ; gain = 32.125
---------------------------------------------------------------------------------
INFO: [Synth 8-802] inferred FSM for state register 'FsmStatexDP_reg' in module 'mandelbrot'
---------------------------------------------------------------------------------------------------
                   State |                     New Encoding |                Previous Encoding 
---------------------------------------------------------------------------------------------------
            calculatenew |                              001 |                               00
            iteratecheck |                              010 |                               01
                  output |                              100 |                               10
---------------------------------------------------------------------------------------------------
INFO: [Synth 8-3354] encoded FSM with state register 'FsmStatexDP_reg' using encoding 'one-hot' in module 'mandelbrot'
---------------------------------------------------------------------------------
Finished RTL Optimization Phase 2 : Time (s): cpu = 00:00:09 ; elapsed = 00:00:16 . Memory (MB): peak = 1031.414 ; gain = 32.125
---------------------------------------------------------------------------------
---------------------------------------------------------------------------------
Start RTL Component Statistics 
---------------------------------------------------------------------------------
Detailed RTL Component Info : 
+---Adders : 
	   2 Input   18 Bit       Adders := 3     
	   4 Input   18 Bit       Adders := 1     
	   2 Input   13 Bit       Adders := 13    
	   2 Input   12 Bit       Adders := 10    
	   2 Input   10 Bit       Adders := 1     
	   2 Input    4 Bit       Adders := 6     
	   2 Input    2 Bit       Adders := 4     
+---Registers : 
	               18 Bit    Registers := 4     
	               12 Bit    Registers := 20    
	                4 Bit    Registers := 4     
	                2 Bit    Registers := 10    
	                1 Bit    Registers := 6     
+---Muxes : 
	   2 Input   18 Bit        Muxes := 5     
	   3 Input   18 Bit        Muxes := 2     
	   2 Input   12 Bit        Muxes := 11    
	   4 Input   12 Bit        Muxes := 11    
	   3 Input   12 Bit        Muxes := 1     
	   2 Input   10 Bit        Muxes := 1     
	   2 Input    4 Bit        Muxes := 12    
	   4 Input    4 Bit        Muxes := 1     
	   3 Input    3 Bit        Muxes := 1     
	   2 Input    3 Bit        Muxes := 2     
	   4 Input    2 Bit        Muxes := 8     
	   5 Input    2 Bit        Muxes := 1     
	   2 Input    2 Bit        Muxes := 20    
	   3 Input    2 Bit        Muxes := 1     
	   2 Input    1 Bit        Muxes := 37    
	   4 Input    1 Bit        Muxes := 19    
	   3 Input    1 Bit        Muxes := 4     
---------------------------------------------------------------------------------
Finished RTL Component Statistics 
---------------------------------------------------------------------------------
---------------------------------------------------------------------------------
Start Part Resource Summary
---------------------------------------------------------------------------------
Part Resources:
DSPs: 220 (col length:60)
BRAMs: 280 (col length: RAMB18 60 RAMB36 30)
---------------------------------------------------------------------------------
Finished Part Resource Summary
---------------------------------------------------------------------------------
---------------------------------------------------------------------------------
Start Cross Boundary and Area Optimization
---------------------------------------------------------------------------------
DSP Report: Generating DSP YComplex_FULLxDP, operation Mode is: A*B.
DSP Report: operator YComplex_FULLxDP is absorbed into DSP YComplex_FULLxDP.
DSP Report: Generating DSP XComplex_FULLxDP, operation Mode is: A*B.
DSP Report: operator XComplex_FULLxDP is absorbed into DSP XComplex_FULLxDP.
DSP Report: Generating DSP ARG, operation Mode is: A*B.
DSP Report: operator ARG is absorbed into DSP ARG.
DSP Report: Generating DSP Complex_NORMxDP, operation Mode is: PCIN+A*B.
DSP Report: operator Complex_NORMxDP is absorbed into DSP Complex_NORMxDP.
DSP Report: operator YComplex_FULLxDP is absorbed into DSP Complex_NORMxDP.
---------------------------------------------------------------------------------
Finished Cross Boundary and Area Optimization : Time (s): cpu = 00:00:10 ; elapsed = 00:00:19 . Memory (MB): peak = 1031.414 ; gain = 32.125
---------------------------------------------------------------------------------
---------------------------------------------------------------------------------
Start ROM, RAM, DSP, Shift Register and Retiming Reporting
---------------------------------------------------------------------------------

DSP: Preliminary Mapping	Report (see note below)
+------------+-------------+--------+--------+--------+--------+--------+------+------+------+------+-------+------+------+
|Module Name | DSP Mapping | A Size | B Size | C Size | D Size | P Size | AREG | BREG | CREG | DREG | ADREG | MREG | PREG | 
+------------+-------------+--------+--------+--------+--------+--------+------+------+------+------+-------+------+------+
|mandelbrot  | A*B         | 18     | 18     | -      | -      | 36     | 0    | 0    | -    | -    | -     | 0    | 0    | 
|mandelbrot  | A*B         | 18     | 18     | -      | -      | 36     | 0    | 0    | -    | -    | -     | 0    | 0    | 
|mandelbrot  | A*B         | 21     | 18     | -      | -      | 39     | 0    | 0    | -    | -    | -     | 0    | 0    | 
|mandelbrot  | PCIN+A*B    | 18     | 18     | -      | -      | 36     | 0    | 0    | -    | -    | -     | 0    | 0    | 
+------------+-------------+--------+--------+--------+--------+--------+------+------+------+------+-------+------+------+

Note: The table above is a preliminary report that shows the DSPs inferred at the current stage of the synthesis flow. Some DSP may be reimplemented as non DSP primitives later in the synthesis flow. Multiple instantiated DSPs are reported only once.
---------------------------------------------------------------------------------
Finished ROM, RAM, DSP, Shift Register and Retiming Reporting
---------------------------------------------------------------------------------
---------------------------------------------------------------------------------
Start Applying XDC Timing Constraints
---------------------------------------------------------------------------------
---------------------------------------------------------------------------------
Finished Applying XDC Timing Constraints : Time (s): cpu = 00:00:17 ; elapsed = 00:00:31 . Memory (MB): peak = 1047.652 ; gain = 48.363
---------------------------------------------------------------------------------
---------------------------------------------------------------------------------
Start Timing Optimization
---------------------------------------------------------------------------------
---------------------------------------------------------------------------------
Finished Timing Optimization : Time (s): cpu = 00:00:19 ; elapsed = 00:00:33 . Memory (MB): peak = 1073.152 ; gain = 73.863
---------------------------------------------------------------------------------
---------------------------------------------------------------------------------
Start Technology Mapping
---------------------------------------------------------------------------------
---------------------------------------------------------------------------------
Finished Technology Mapping : Time (s): cpu = 00:00:19 ; elapsed = 00:00:34 . Memory (MB): peak = 1075.648 ; gain = 76.359
---------------------------------------------------------------------------------
---------------------------------------------------------------------------------
Start IO Insertion
---------------------------------------------------------------------------------
---------------------------------------------------------------------------------
Start Flattening Before IO Insertion
---------------------------------------------------------------------------------
---------------------------------------------------------------------------------
Finished Flattening Before IO Insertion
---------------------------------------------------------------------------------
---------------------------------------------------------------------------------
Start Final Netlist Cleanup
---------------------------------------------------------------------------------
---------------------------------------------------------------------------------
Finished Final Netlist Cleanup
---------------------------------------------------------------------------------
---------------------------------------------------------------------------------
Finished IO Insertion : Time (s): cpu = 00:00:23 ; elapsed = 00:00:43 . Memory (MB): peak = 1082.414 ; gain = 83.125
---------------------------------------------------------------------------------
---------------------------------------------------------------------------------
Start Renaming Generated Instances
---------------------------------------------------------------------------------
---------------------------------------------------------------------------------
Finished Renaming Generated Instances : Time (s): cpu = 00:00:23 ; elapsed = 00:00:43 . Memory (MB): peak = 1082.414 ; gain = 83.125
---------------------------------------------------------------------------------
---------------------------------------------------------------------------------
Start Rebuilding User Hierarchy
---------------------------------------------------------------------------------
---------------------------------------------------------------------------------
Finished Rebuilding User Hierarchy : Time (s): cpu = 00:00:23 ; elapsed = 00:00:43 . Memory (MB): peak = 1082.414 ; gain = 83.125
---------------------------------------------------------------------------------
---------------------------------------------------------------------------------
Start Renaming Generated Ports
---------------------------------------------------------------------------------
---------------------------------------------------------------------------------
Finished Renaming Generated Ports : Time (s): cpu = 00:00:23 ; elapsed = 00:00:43 . Memory (MB): peak = 1082.414 ; gain = 83.125
---------------------------------------------------------------------------------
---------------------------------------------------------------------------------
Start Handling Custom Attributes
---------------------------------------------------------------------------------
---------------------------------------------------------------------------------
Finished Handling Custom Attributes : Time (s): cpu = 00:00:23 ; elapsed = 00:00:43 . Memory (MB): peak = 1082.414 ; gain = 83.125
---------------------------------------------------------------------------------
---------------------------------------------------------------------------------
Start Renaming Generated Nets
---------------------------------------------------------------------------------
---------------------------------------------------------------------------------
Finished Renaming Generated Nets : Time (s): cpu = 00:00:23 ; elapsed = 00:00:43 . Memory (MB): peak = 1082.414 ; gain = 83.125
---------------------------------------------------------------------------------
---------------------------------------------------------------------------------
Start Writing Synthesis Report
---------------------------------------------------------------------------------

Report BlackBoxes: 
+------+--------------+----------+
|      |BlackBox name |Instances |
+------+--------------+----------+
|1     |clk_wiz_0     |         1|
|2     |blk_mem_gen_0 |         1|
+------+--------------+----------+

Report Cell Usage: 
+------+-------------------+------+
|      |Cell               |Count |
+------+-------------------+------+
|1     |blk_mem_gen_0_bbox |     1|
|2     |clk_wiz_0_bbox     |     1|
|3     |CARRY4             |    45|
|4     |DSP48E1            |     4|
|5     |LUT1               |    21|
|6     |LUT2               |    85|
|7     |LUT3               |    29|
|8     |LUT4               |    44|
|9     |LUT5               |    27|
|10    |LUT6               |    32|
|11    |FDCE               |   146|
|12    |FDPE               |    11|
|13    |IBUF               |     1|
|14    |OBUF               |    14|
+------+-------------------+------+
---------------------------------------------------------------------------------
Finished Writing Synthesis Report : Time (s): cpu = 00:00:23 ; elapsed = 00:00:43 . Memory (MB): peak = 1082.414 ; gain = 83.125
---------------------------------------------------------------------------------
Synthesis finished with 0 errors, 0 critical warnings and 0 warnings.
Synthesis Optimization Runtime : Time (s): cpu = 00:00:18 ; elapsed = 00:00:40 . Memory (MB): peak = 1082.414 ; gain = 51.000
Synthesis Optimization Complete : Time (s): cpu = 00:00:23 ; elapsed = 00:00:43 . Memory (MB): peak = 1082.414 ; gain = 83.125
INFO: [Project 1-571] Translating synthesized netlist
Netlist sorting complete. Time (s): cpu = 00:00:00 ; elapsed = 00:00:00.006 . Memory (MB): peak = 1093.461 ; gain = 0.000
INFO: [Netlist 29-17] Analyzing 49 Unisim elements for replacement
INFO: [Netlist 29-28] Unisim Transformation completed in 0 CPU seconds
INFO: [Project 1-570] Preparing netlist for logic optimization
INFO: [Opt 31-138] Pushed 0 inverter(s) to 0 load pin(s).
Netlist sorting complete. Time (s): cpu = 00:00:00 ; elapsed = 00:00:00 . Memory (MB): peak = 1093.461 ; gain = 0.000
INFO: [Project 1-111] Unisim Transformation Summary:
No Unisim elements were transformed.

INFO: [Common 17-83] Releasing license: Synthesis
36 Infos, 2 Warnings, 0 Critical Warnings and 0 Errors encountered.
synth_design completed successfully
synth_design: Time (s): cpu = 00:00:26 ; elapsed = 00:00:51 . Memory (MB): peak = 1093.461 ; gain = 94.172
INFO: [Common 17-1381] The checkpoint 'C:/Users/eliot/Documents/University Documents/BA5/Best_DSD_Team/lab08_mandlebrot/lab08_mandlebrot/lab08_mandlebrot.runs/synth_1/mandelbrot_top.dcp' has been generated.
INFO: [runtcl-4] Executing : report_utilization -file mandelbrot_top_utilization_synth.rpt -pb mandelbrot_top_utilization_synth.pb
INFO: [Common 17-206] Exiting Vivado at Sun Dec 15 19:19:52 2024...
